<?xml version="1.0" encoding="UTF-8"?>
<testng-results ignored="0" total="4" passed="4" failed="0" skipped="0">
  <reporter-output>
  </reporter-output>
  <suite started-at="2021-06-19T18:35:53 IST" name="Suite" finished-at="2021-06-19T18:36:47 IST" duration-ms="54195">
    <groups>
    </groups>
    <test started-at="2021-06-19T18:35:53 IST" name="ChromeTest" finished-at="2021-06-19T18:36:21 IST" duration-ms="27972">
      <class name="com.test.classes.TestPinPage">
        <test-method is-config="true" signature="beforeTest(java.lang.String)[pri:0, instance:com.test.classes.TestPinPage@212b5695]" started-at="2021-06-19T18:35:53 IST" name="beforeTest" finished-at="2021-06-19T18:35:56 IST" duration-ms="3416" status="PASS">
          <params>
            <param index="0">
              <value>
                <![CDATA[Chrome]]>
              </value>
            </param>
          </params>
          <reporter-output>
          </reporter-output>
        </test-method> <!-- beforeTest -->
        <test-method is-config="true" signature="beforeClass(java.lang.String)[pri:0, instance:com.test.classes.TestPinPage@212b5695]" started-at="2021-06-19T18:35:57 IST" name="beforeClass" finished-at="2021-06-19T18:36:02 IST" duration-ms="5307" status="PASS">
          <params>
            <param index="0">
              <value>
                <![CDATA[Chrome]]>
              </value>
            </param>
          </params>
          <reporter-output>
          </reporter-output>
        </test-method> <!-- beforeClass -->
        <test-method signature="verifyPinTextBox()[pri:0, instance:com.test.classes.TestPinPage@212b5695]" started-at="2021-06-19T18:36:02 IST" name="verifyPinTextBox" finished-at="2021-06-19T18:36:03 IST" duration-ms="1165" status="PASS">
          <reporter-output>
          </reporter-output>
        </test-method> <!-- verifyPinTextBox -->
        <test-method signature="verifyContinueButton()[pri:1, instance:com.test.classes.TestPinPage@212b5695]" started-at="2021-06-19T18:36:03 IST" name="verifyContinueButton" finished-at="2021-06-19T18:36:09 IST" duration-ms="5940" status="PASS">
          <reporter-output>
          </reporter-output>
        </test-method> <!-- verifyContinueButton -->
        <test-method is-config="true" signature="afterClass()[pri:0, instance:com.test.classes.TestPinPage@212b5695]" started-at="2021-06-19T18:36:09 IST" name="afterClass" finished-at="2021-06-19T18:36:20 IST" duration-ms="11281" status="PASS">
          <reporter-output>
          </reporter-output>
        </test-method> <!-- afterClass -->
        <test-method is-config="true" signature="closedBrowser()[pri:0, instance:com.test.classes.TestPinPage@212b5695]" started-at="2021-06-19T18:36:20 IST" name="closedBrowser" finished-at="2021-06-19T18:36:21 IST" duration-ms="762" status="PASS">
          <reporter-output>
          </reporter-output>
        </test-method> <!-- closedBrowser -->
      </class> <!-- com.test.classes.TestPinPage -->
    </test> <!-- ChromeTest -->
    <test started-at="2021-06-19T18:36:21 IST" name="FirefoxTest" finished-at="2021-06-19T18:36:47 IST" duration-ms="26104">
      <class name="com.test.classes.TestPinPage">
        <test-method is-config="true" signature="beforeTest(java.lang.String)[pri:0, instance:com.test.classes.TestPinPage@7205765b]" started-at="2021-06-19T18:36:21 IST" name="beforeTest" finished-at="2021-06-19T18:36:29 IST" duration-ms="8197" status="PASS">
          <params>
            <param index="0">
              <value>
                <![CDATA[Firefox]]>
              </value>
            </param>
          </params>
          <reporter-output>
          </reporter-output>
        </test-method> <!-- beforeTest -->
        <test-method is-config="true" signature="beforeClass(java.lang.String)[pri:0, instance:com.test.classes.TestPinPage@7205765b]" started-at="2021-06-19T18:36:29 IST" name="beforeClass" finished-at="2021-06-19T18:36:34 IST" duration-ms="4230" status="PASS">
          <params>
            <param index="0">
              <value>
                <![CDATA[Firefox]]>
              </value>
            </param>
          </params>
          <reporter-output>
          </reporter-output>
        </test-method> <!-- beforeClass -->
        <test-method signature="verifyPinTextBox()[pri:0, instance:com.test.classes.TestPinPage@7205765b]" started-at="2021-06-19T18:36:34 IST" name="verifyPinTextBox" finished-at="2021-06-19T18:36:35 IST" duration-ms="1063" status="PASS">
          <reporter-output>
          </reporter-output>
        </test-method> <!-- verifyPinTextBox -->
        <test-method signature="verifyContinueButton()[pri:1, instance:com.test.classes.TestPinPage@7205765b]" started-at="2021-06-19T18:36:35 IST" name="verifyContinueButton" finished-at="2021-06-19T18:36:41 IST" duration-ms="6351" status="PASS">
          <reporter-output>
          </reporter-output>
        </test-method> <!-- verifyContinueButton -->
        <test-method is-config="true" signature="afterClass()[pri:0, instance:com.test.classes.TestPinPage@7205765b]" started-at="2021-06-19T18:36:41 IST" name="afterClass" finished-at="2021-06-19T18:36:47 IST" duration-ms="6149" status="PASS">
          <reporter-output>
          </reporter-output>
        </test-method> <!-- afterClass -->
        <test-method is-config="true" signature="closedBrowser()[pri:0, instance:com.test.classes.TestPinPage@7205765b]" started-at="2021-06-19T18:36:47 IST" name="closedBrowser" finished-at="2021-06-19T18:36:47 IST" duration-ms="71" status="FAIL">
          <exception class="org.openqa.selenium.NoSuchSessionException">
            <message>
              <![CDATA[Tried to run command without establishing a connection
Build info: version: '3.141.59', revision: 'e82be7d358', time: '2018-11-14T08:17:03'
System info: host: 'MEGHA-PC', ip: '172.19.176.1', os.name: 'Windows 10', os.arch: 'amd64', os.version: '10.0', java.version: '15.0.2'
Driver info: org.openqa.selenium.firefox.FirefoxDriver
Capabilities {acceptInsecureCerts: true, browserName: firefox, browserVersion: 89.0.1, javascriptEnabled: true, moz:accessibilityChecks: false, moz:buildID: 20210614221319, moz:geckodriverVersion: 0.29.1, moz:headless: false, moz:processID: 7836, moz:profile: C:\Users\Megha\AppData\Loca..., moz:shutdownTimeout: 60000, moz:useNonSpecCompliantPointerOrigin: false, moz:webdriverClick: true, pageLoadStrategy: normal, platform: WINDOWS, platformName: WINDOWS, platformVersion: 10.0, setWindowRect: true, strictFileInteractability: false, timeouts: {implicit: 0, pageLoad: 300000, script: 30000}, unhandledPromptBehavior: dismiss and notify}
Session ID: 8664898e-925e-4aa2-9ae5-2e2bbed716dc]]>
            </message>
            <full-stacktrace>
              <![CDATA[org.openqa.selenium.NoSuchSessionException: Tried to run command without establishing a connection
Build info: version: '3.141.59', revision: 'e82be7d358', time: '2018-11-14T08:17:03'
System info: host: 'MEGHA-PC', ip: '172.19.176.1', os.name: 'Windows 10', os.arch: 'amd64', os.version: '10.0', java.version: '15.0.2'
Driver info: org.openqa.selenium.firefox.FirefoxDriver
Capabilities {acceptInsecureCerts: true, browserName: firefox, browserVersion: 89.0.1, javascriptEnabled: true, moz:accessibilityChecks: false, moz:buildID: 20210614221319, moz:geckodriverVersion: 0.29.1, moz:headless: false, moz:processID: 7836, moz:profile: C:\Users\Megha\AppData\Loca..., moz:shutdownTimeout: 60000, moz:useNonSpecCompliantPointerOrigin: false, moz:webdriverClick: true, pageLoadStrategy: normal, platform: WINDOWS, platformName: WINDOWS, platformVersion: 10.0, setWindowRect: true, strictFileInteractability: false, timeouts: {implicit: 0, pageLoad: 300000, script: 30000}, unhandledPromptBehavior: dismiss and notify}
Session ID: 8664898e-925e-4aa2-9ae5-2e2bbed716dc
at java.base/jdk.internal.reflect.NativeConstructorAccessorImpl.newInstance0(Native Method)
at java.base/jdk.internal.reflect.NativeConstructorAccessorImpl.newInstance(NativeConstructorAccessorImpl.java:64)
at java.base/jdk.internal.reflect.DelegatingConstructorAccessorImpl.newInstance(DelegatingConstructorAccessorImpl.java:45)
at java.base/java.lang.reflect.Constructor.newInstanceWithCaller(Constructor.java:500)
at java.base/java.lang.reflect.Constructor.newInstance(Constructor.java:481)
at org.openqa.selenium.remote.http.W3CHttpResponseCodec.createException(W3CHttpResponseCodec.java:187)
at org.openqa.selenium.remote.http.W3CHttpResponseCodec.decode(W3CHttpResponseCodec.java:122)
at org.openqa.selenium.remote.http.W3CHttpResponseCodec.decode(W3CHttpResponseCodec.java:49)
at org.openqa.selenium.remote.HttpCommandExecutor.execute(HttpCommandExecutor.java:158)
at org.openqa.selenium.remote.service.DriverCommandExecutor.execute(DriverCommandExecutor.java:83)
at org.openqa.selenium.remote.RemoteWebDriver.execute(RemoteWebDriver.java:552)
at org.openqa.selenium.remote.RemoteWebDriver.execute(RemoteWebDriver.java:609)
at org.openqa.selenium.remote.RemoteWebDriver.quit(RemoteWebDriver.java:452)
at com.test.classes.TestPinPage.closedBrowser(TestPinPage.java:98)
at java.base/jdk.internal.reflect.NativeMethodAccessorImpl.invoke0(Native Method)
at java.base/jdk.internal.reflect.NativeMethodAccessorImpl.invoke(NativeMethodAccessorImpl.java:64)
at java.base/jdk.internal.reflect.DelegatingMethodAccessorImpl.invoke(DelegatingMethodAccessorImpl.java:43)
at java.base/java.lang.reflect.Method.invoke(Method.java:564)
at org.testng.internal.MethodInvocationHelper.invokeMethod(MethodInvocationHelper.java:133)
at org.testng.internal.MethodInvocationHelper.invokeMethodConsideringTimeout(MethodInvocationHelper.java:62)
at org.testng.internal.ConfigInvoker.invokeConfigurationMethod(ConfigInvoker.java:385)
at org.testng.internal.ConfigInvoker.invokeConfigurations(ConfigInvoker.java:321)
at org.testng.TestRunner.invokeTestConfigurations(TestRunner.java:637)
at org.testng.TestRunner.afterRun(TestRunner.java:877)
at org.testng.TestRunner.run(TestRunner.java:599)
at org.testng.SuiteRunner.runTest(SuiteRunner.java:377)
at org.testng.SuiteRunner.runSequentially(SuiteRunner.java:371)
at org.testng.SuiteRunner.privateRun(SuiteRunner.java:332)
at org.testng.SuiteRunner.run(SuiteRunner.java:276)
at org.testng.SuiteRunnerWorker.runSuite(SuiteRunnerWorker.java:53)
at org.testng.SuiteRunnerWorker.run(SuiteRunnerWorker.java:96)
at org.testng.TestNG.runSuitesSequentially(TestNG.java:1212)
at org.testng.TestNG.runSuitesLocally(TestNG.java:1134)
at org.testng.TestNG.runSuites(TestNG.java:1063)
at org.testng.TestNG.run(TestNG.java:1031)
at org.testng.remote.AbstractRemoteTestNG.run(AbstractRemoteTestNG.java:115)
at org.testng.remote.RemoteTestNG.initAndRun(RemoteTestNG.java:251)
at org.testng.remote.RemoteTestNG.main(RemoteTestNG.java:77)
]]>
            </full-stacktrace>
          </exception> <!-- org.openqa.selenium.NoSuchSessionException -->
          <reporter-output>
          </reporter-output>
        </test-method> <!-- closedBrowser -->
      </class> <!-- com.test.classes.TestPinPage -->
    </test> <!-- FirefoxTest -->
  </suite> <!-- Suite -->
</testng-results>
